<?xml version="1.0" encoding="UTF-8"?>
<testng-results ignored="0" total="1" passed="1" failed="0" skipped="0">
  <reporter-output>
  </reporter-output>
  <suite started-at="2023-04-22T17:31:54 UTC" name="Default suite" finished-at="2023-04-22T17:31:54 UTC" duration-ms="48">
    <groups>
    </groups>
    <test started-at="2023-04-22T17:31:54 UTC" name="Default test" finished-at="2023-04-22T17:31:54 UTC" duration-ms="48">
      <class name="com.simplilearn.TDDWorks.AppTest">
        <test-method signature="testPassword()[pri:0, instance:com.simplilearn.TDDWorks.AppTest@693fe6c9]" started-at="2023-04-22T17:31:54 UTC" name="testPassword" finished-at="2023-04-22T17:31:54 UTC" duration-ms="11" status="PASS">
          <reporter-output>
          </reporter-output>
        </test-method> <!-- testPassword -->
      </class> <!-- com.simplilearn.TDDWorks.AppTest -->
    </test> <!-- Default test -->
  </suite> <!-- Default suite -->
</testng-results>
